<?xml version="1.0" encoding="UTF-8"?>
<coverage generated="1621562695224" clover="3.2.0">
  <project timestamp="1621562695224" name="All files">
    <metrics statements="98" coveredstatements="98" conditionals="82" coveredconditionals="73" methods="20" coveredmethods="20" elements="200" coveredelements="191" complexity="0" loc="98" ncloc="98" packages="1" files="1" classes="1"/>
    <file name="index.ts" path="C:\Users\okcar\Desktop\progress-logs\src\index.ts">
      <metrics statements="98" coveredstatements="98" conditionals="82" coveredconditionals="73" methods="20" coveredmethods="20"/>
      <line num="1" count="1" type="stmt"/>
      <line num="2" count="1" type="stmt"/>
      <line num="3" count="1" type="stmt"/>
      <line num="22" count="1" type="stmt"/>
      <line num="23" count="1" type="stmt"/>
      <line num="24" count="1" type="stmt"/>
      <line num="26" count="1" type="cond" truecount="2" falsecount="0"/>
      <line num="27" count="1" type="stmt"/>
      <line num="28" count="1" type="stmt"/>
      <line num="29" count="1" type="stmt"/>
      <line num="32" count="1" type="stmt"/>
      <line num="42" count="5" type="stmt"/>
      <line num="43" count="5" type="stmt"/>
      <line num="44" count="5" type="stmt"/>
      <line num="45" count="5" type="stmt"/>
      <line num="46" count="5" type="stmt"/>
      <line num="47" count="5" type="stmt"/>
      <line num="48" count="5" type="stmt"/>
      <line num="52" count="5" type="cond" truecount="6" falsecount="0"/>
      <line num="53" count="2" type="stmt"/>
      <line num="63" count="15" type="cond" truecount="1" falsecount="1"/>
      <line num="64" count="15" type="stmt"/>
      <line num="65" count="15" type="stmt"/>
      <line num="71" count="1" type="stmt"/>
      <line num="72" count="2" type="cond" truecount="9" falsecount="1"/>
      <line num="73" count="1" type="stmt"/>
      <line num="75" count="2" type="cond" truecount="9" falsecount="1"/>
      <line num="76" count="1" type="stmt"/>
      <line num="78" count="2" type="stmt"/>
      <line num="84" count="1" type="stmt"/>
      <line num="85" count="2" type="cond" truecount="3" falsecount="1"/>
      <line num="86" count="2" type="stmt"/>
      <line num="93" count="1" type="stmt"/>
      <line num="94" count="2" type="cond" truecount="4" falsecount="0"/>
      <line num="95" count="2" type="stmt"/>
      <line num="102" count="1" type="stmt"/>
      <line num="103" count="2" type="cond" truecount="4" falsecount="0"/>
      <line num="104" count="1" type="stmt"/>
      <line num="106" count="1" type="stmt"/>
      <line num="114" count="1" type="stmt"/>
      <line num="115" count="2" type="cond" truecount="4" falsecount="0"/>
      <line num="116" count="1" type="stmt"/>
      <line num="118" count="1" type="stmt"/>
      <line num="126" count="1" type="stmt"/>
      <line num="127" count="1" type="cond" truecount="1" falsecount="1"/>
      <line num="128" count="1" type="stmt"/>
      <line num="135" count="1" type="stmt"/>
      <line num="136" count="2" type="cond" truecount="1" falsecount="1"/>
      <line num="143" count="1" type="stmt"/>
      <line num="144" count="3" type="cond" truecount="6" falsecount="0"/>
      <line num="145" count="2" type="stmt"/>
      <line num="146" count="2" type="cond" truecount="1" falsecount="1"/>
      <line num="147" count="2" type="cond" truecount="6" falsecount="2"/>
      <line num="154" count="1" type="stmt"/>
      <line num="155" count="4" type="cond" truecount="2" falsecount="0"/>
      <line num="156" count="1" type="stmt"/>
      <line num="157" count="1" type="stmt"/>
      <line num="159" count="3" type="stmt"/>
      <line num="160" count="3" type="stmt"/>
      <line num="161" count="3" type="stmt"/>
      <line num="163" count="1" type="stmt"/>
      <line num="165" count="1" type="stmt"/>
      <line num="172" count="1" type="stmt"/>
      <line num="177" count="1" type="stmt"/>
      <line num="184" count="15" type="stmt"/>
      <line num="185" count="15" type="stmt"/>
      <line num="186" count="15" type="stmt"/>
      <line num="187" count="15" type="stmt"/>
      <line num="188" count="15" type="stmt"/>
      <line num="189" count="15" type="stmt"/>
      <line num="195" count="1" type="stmt"/>
      <line num="196" count="3" type="stmt"/>
      <line num="197" count="3" type="stmt"/>
      <line num="198" count="3" type="stmt"/>
      <line num="204" count="1" type="stmt"/>
      <line num="205" count="3" type="stmt"/>
      <line num="206" count="3" type="stmt"/>
      <line num="214" count="1" type="stmt"/>
      <line num="215" count="30" type="stmt"/>
      <line num="216" count="30" type="stmt"/>
      <line num="217" count="30" type="stmt"/>
      <line num="218" count="30" type="cond" truecount="2" falsecount="0"/>
      <line num="220" count="15" type="stmt"/>
      <line num="222" count="15" type="stmt"/>
      <line num="229" count="1" type="stmt"/>
      <line num="230" count="30" type="cond" truecount="2" falsecount="0"/>
      <line num="232" count="15" type="stmt"/>
      <line num="238" count="1" type="stmt"/>
      <line num="239" count="15" type="cond" truecount="2" falsecount="0"/>
      <line num="240" count="8" type="stmt"/>
      <line num="241" count="8" type="cond" truecount="4" falsecount="0"/>
      <line num="242" count="3" type="stmt"/>
      <line num="244" count="5" type="stmt"/>
      <line num="246" count="8" type="cond" truecount="4" falsecount="0"/>
      <line num="247" count="3" type="stmt"/>
      <line num="249" count="5" type="stmt"/>
      <line num="252" count="1" type="stmt"/>
      <line num="254" count="1" type="stmt"/>
    </file>
  </project>
</coverage>
