{"C:\\Users\\okcar\\Desktop\\progress-logs\\src\\index.ts": {"path":"C:\\Users\\okcar\\Desktop\\progress-logs\\src\\index.ts","statementMap":{"0":{"start":{"line":1,"column":14},"end":{"line":1,"column":30}},"1":{"start":{"line":2,"column":18},"end":{"line":2,"column":39}},"2":{"start":{"line":3,"column":20},"end":{"line":3,"column":null}},"3":{"start":{"line":22,"column":12},"end":{"line":22,"column":13}},"4":{"start":{"line":23,"column":14},"end":{"line":23,"column":15}},"5":{"start":{"line":24,"column":20},"end":{"line":24,"column":22}},"6":{"start":{"line":26,"column":0},"end":{"line":26,"column":null}},"7":{"start":{"line":27,"column":4},"end":{"line":27,"column":null}},"8":{"start":{"line":28,"column":4},"end":{"line":28,"column":null}},"9":{"start":{"line":29,"column":4},"end":{"line":29,"column":null}},"10":{"start":{"line":32,"column":0},"end":{"line":32,"column":null}},"11":{"start":{"line":42,"column":8},"end":{"line":42,"column":null}},"12":{"start":{"line":43,"column":8},"end":{"line":43,"column":null}},"13":{"start":{"line":44,"column":8},"end":{"line":44,"column":null}},"14":{"start":{"line":45,"column":8},"end":{"line":45,"column":null}},"15":{"start":{"line":46,"column":8},"end":{"line":46,"column":null}},"16":{"start":{"line":47,"column":8},"end":{"line":47,"column":null}},"17":{"start":{"line":48,"column":8},"end":{"line":51,"column":null}},"18":{"start":{"line":52,"column":8},"end":{"line":54,"column":null}},"19":{"start":{"line":53,"column":12},"end":{"line":53,"column":null}},"20":{"start":{"line":63,"column":4},"end":{"line":66,"column":null}},"21":{"start":{"line":63,"column":23},"end":{"line":63,"column":45}},"22":{"start":{"line":64,"column":8},"end":{"line":64,"column":null}},"23":{"start":{"line":65,"column":8},"end":{"line":65,"column":null}},"24":{"start":{"line":71,"column":4},"end":{"line":79,"column":null}},"25":{"start":{"line":72,"column":8},"end":{"line":74,"column":null}},"26":{"start":{"line":73,"column":12},"end":{"line":73,"column":null}},"27":{"start":{"line":75,"column":8},"end":{"line":77,"column":null}},"28":{"start":{"line":76,"column":12},"end":{"line":76,"column":null}},"29":{"start":{"line":78,"column":8},"end":{"line":78,"column":null}},"30":{"start":{"line":84,"column":4},"end":{"line":87,"column":null}},"31":{"start":{"line":85,"column":8},"end":{"line":85,"column":null}},"32":{"start":{"line":86,"column":8},"end":{"line":86,"column":null}},"33":{"start":{"line":93,"column":4},"end":{"line":96,"column":null}},"34":{"start":{"line":94,"column":8},"end":{"line":94,"column":null}},"35":{"start":{"line":95,"column":8},"end":{"line":95,"column":null}},"36":{"start":{"line":102,"column":4},"end":{"line":108,"column":null}},"37":{"start":{"line":103,"column":8},"end":{"line":107,"column":null}},"38":{"start":{"line":104,"column":12},"end":{"line":104,"column":null}},"39":{"start":{"line":106,"column":12},"end":{"line":106,"column":null}},"40":{"start":{"line":114,"column":4},"end":{"line":120,"column":null}},"41":{"start":{"line":115,"column":8},"end":{"line":119,"column":null}},"42":{"start":{"line":116,"column":12},"end":{"line":116,"column":null}},"43":{"start":{"line":118,"column":12},"end":{"line":118,"column":null}},"44":{"start":{"line":126,"column":12},"end":{"line":129,"column":null}},"45":{"start":{"line":127,"column":8},"end":{"line":127,"column":40}},"46":{"start":{"line":127,"column":34},"end":{"line":127,"column":40}},"47":{"start":{"line":128,"column":8},"end":{"line":128,"column":null}},"48":{"start":{"line":135,"column":12},"end":{"line":137,"column":null}},"49":{"start":{"line":136,"column":8},"end":{"line":136,"column":null}},"50":{"start":{"line":143,"column":12},"end":{"line":149,"column":null}},"51":{"start":{"line":144,"column":8},"end":{"line":148,"column":null}},"52":{"start":{"line":145,"column":12},"end":{"line":145,"column":null}},"53":{"start":{"line":146,"column":34},"end":{"line":146,"column":106}},"54":{"start":{"line":147,"column":12},"end":{"line":147,"column":null}},"55":{"start":{"line":154,"column":12},"end":{"line":162,"column":null}},"56":{"start":{"line":155,"column":8},"end":{"line":158,"column":null}},"57":{"start":{"line":156,"column":12},"end":{"line":156,"column":null}},"58":{"start":{"line":157,"column":12},"end":{"line":157,"column":18}},"59":{"start":{"line":159,"column":8},"end":{"line":159,"column":null}},"60":{"start":{"line":160,"column":8},"end":{"line":160,"column":null}},"61":{"start":{"line":161,"column":8},"end":{"line":161,"column":null}},"62":{"start":{"line":163,"column":0},"end":{"line":163,"column":null}},"63":{"start":{"line":165,"column":0},"end":{"line":165,"column":null}},"64":{"start":{"line":184,"column":8},"end":{"line":184,"column":null}},"65":{"start":{"line":185,"column":8},"end":{"line":185,"column":null}},"66":{"start":{"line":186,"column":8},"end":{"line":186,"column":null}},"67":{"start":{"line":187,"column":8},"end":{"line":187,"column":null}},"68":{"start":{"line":188,"column":8},"end":{"line":188,"column":null}},"69":{"start":{"line":189,"column":8},"end":{"line":189,"column":null}},"70":{"start":{"line":195,"column":4},"end":{"line":199,"column":null}},"71":{"start":{"line":196,"column":8},"end":{"line":196,"column":null}},"72":{"start":{"line":197,"column":8},"end":{"line":197,"column":null}},"73":{"start":{"line":198,"column":8},"end":{"line":198,"column":null}},"74":{"start":{"line":204,"column":4},"end":{"line":207,"column":null}},"75":{"start":{"line":205,"column":8},"end":{"line":205,"column":null}},"76":{"start":{"line":206,"column":8},"end":{"line":206,"column":null}},"77":{"start":{"line":214,"column":12},"end":{"line":223,"column":null}},"78":{"start":{"line":215,"column":23},"end":{"line":215,"column":56}},"79":{"start":{"line":216,"column":25},"end":{"line":216,"column":48}},"80":{"start":{"line":217,"column":24},"end":{"line":217,"column":58}},"81":{"start":{"line":218,"column":8},"end":{"line":221,"column":null}},"82":{"start":{"line":220,"column":12},"end":{"line":220,"column":null}},"83":{"start":{"line":222,"column":8},"end":{"line":222,"column":null}},"84":{"start":{"line":229,"column":12},"end":{"line":233,"column":null}},"85":{"start":{"line":230,"column":8},"end":{"line":230,"column":null}},"86":{"start":{"line":230,"column":36},"end":{"line":230,"column":null}},"87":{"start":{"line":232,"column":8},"end":{"line":232,"column":null}},"88":{"start":{"line":238,"column":12},"end":{"line":251,"column":null}},"89":{"start":{"line":239,"column":8},"end":{"line":239,"column":33}},"90":{"start":{"line":239,"column":27},"end":{"line":239,"column":33}},"91":{"start":{"line":240,"column":33},"end":{"line":240,"column":45}},"92":{"start":{"line":240,"column":21},"end":{"line":240,"column":23}},"93":{"start":{"line":240,"column":28},"end":{"line":240,"column":33}},"94":{"start":{"line":241,"column":8},"end":{"line":245,"column":null}},"95":{"start":{"line":242,"column":12},"end":{"line":242,"column":null}},"96":{"start":{"line":244,"column":12},"end":{"line":244,"column":null}},"97":{"start":{"line":246,"column":8},"end":{"line":250,"column":null}},"98":{"start":{"line":247,"column":12},"end":{"line":247,"column":null}},"99":{"start":{"line":249,"column":12},"end":{"line":249,"column":null}},"100":{"start":{"line":172,"column":11},"end":{"line":176,"column":null}},"101":{"start":{"line":177,"column":11},"end":{"line":181,"column":null}},"102":{"start":{"line":252,"column":0},"end":{"line":252,"column":null}},"103":{"start":{"line":254,"column":0},"end":{"line":254,"column":null}}},"fnMap":{"0":{"name":"(anonymous_0)","decl":{"start":{"line":26,"column":0},"end":{"line":26,"column":5}},"loc":{"start":{"line":26,"column":17},"end":{"line":30,"column":1}}},"1":{"name":"(anonymous_1)","decl":{"start":{"line":32,"column":0},"end":{"line":32,"column":null}},"loc":{"start":{"line":32,"column":0},"end":{"line":163,"column":null}}},"2":{"name":"ProgressLogs","decl":{"start":{"line":41,"column":4},"end":{"line":41,"column":16}},"loc":{"start":{"line":41,"column":43},"end":{"line":55,"column":5}}},"3":{"name":"(anonymous_3)","decl":{"start":{"line":63,"column":4},"end":{"line":63,"column":7}},"loc":{"start":{"line":63,"column":77},"end":{"line":66,"column":5}}},"4":{"name":"(anonymous_4)","decl":{"start":{"line":71,"column":4},"end":{"line":71,"column":9}},"loc":{"start":{"line":71,"column":4},"end":{"line":79,"column":5}}},"5":{"name":"(anonymous_5)","decl":{"start":{"line":84,"column":4},"end":{"line":84,"column":8}},"loc":{"start":{"line":84,"column":4},"end":{"line":87,"column":5}}},"6":{"name":"(anonymous_6)","decl":{"start":{"line":93,"column":4},"end":{"line":93,"column":7}},"loc":{"start":{"line":93,"column":30},"end":{"line":96,"column":5}}},"7":{"name":"(anonymous_7)","decl":{"start":{"line":102,"column":4},"end":{"line":102,"column":21}},"loc":{"start":{"line":102,"column":53},"end":{"line":108,"column":5}}},"8":{"name":"(anonymous_8)","decl":{"start":{"line":114,"column":4},"end":{"line":114,"column":21}},"loc":{"start":{"line":114,"column":53},"end":{"line":120,"column":5}}},"9":{"name":"(anonymous_9)","decl":{"start":{"line":126,"column":4},"end":{"line":126,"column":12}},"loc":{"start":{"line":126,"column":4},"end":{"line":129,"column":5}}},"10":{"name":"(anonymous_10)","decl":{"start":{"line":135,"column":4},"end":{"line":135,"column":12}},"loc":{"start":{"line":135,"column":4},"end":{"line":137,"column":5}}},"11":{"name":"(anonymous_11)","decl":{"start":{"line":143,"column":4},"end":{"line":143,"column":12}},"loc":{"start":{"line":143,"column":47},"end":{"line":149,"column":5}}},"12":{"name":"(anonymous_12)","decl":{"start":{"line":154,"column":4},"end":{"line":154,"column":12}},"loc":{"start":{"line":154,"column":4},"end":{"line":162,"column":5}}},"13":{"name":"(anonymous_13)","decl":{"start":{"line":165,"column":0},"end":{"line":165,"column":null}},"loc":{"start":{"line":165,"column":0},"end":{"line":165,"column":null}}},"14":{"name":"ProgressLogItem","decl":{"start":{"line":183,"column":4},"end":{"line":183,"column":16}},"loc":{"start":{"line":183,"column":80},"end":{"line":190,"column":5}}},"15":{"name":"(anonymous_15)","decl":{"start":{"line":195,"column":4},"end":{"line":195,"column":9}},"loc":{"start":{"line":195,"column":4},"end":{"line":199,"column":5}}},"16":{"name":"(anonymous_16)","decl":{"start":{"line":204,"column":4},"end":{"line":204,"column":8}},"loc":{"start":{"line":204,"column":31},"end":{"line":207,"column":5}}},"17":{"name":"(anonymous_17)","decl":{"start":{"line":214,"column":4},"end":{"line":214,"column":12}},"loc":{"start":{"line":214,"column":51},"end":{"line":223,"column":5}}},"18":{"name":"(anonymous_18)","decl":{"start":{"line":229,"column":4},"end":{"line":229,"column":12}},"loc":{"start":{"line":229,"column":54},"end":{"line":233,"column":5}}},"19":{"name":"(anonymous_19)","decl":{"start":{"line":238,"column":4},"end":{"line":238,"column":12}},"loc":{"start":{"line":238,"column":4},"end":{"line":251,"column":5}}}},"branchMap":{"0":{"loc":{"start":{"line":26,"column":5},"end":{"line":26,"column":17}},"type":"binary-expr","locations":[{"start":{"line":26,"column":5},"end":{"line":26,"column":17}},{"start":{"line":26,"column":5},"end":{"line":26,"column":null}}]},"1":{"loc":{"start":{"line":52,"column":8},"end":{"line":54,"column":null}},"type":"if","locations":[{"start":{"line":52,"column":8},"end":{"line":54,"column":null}},{"start":{"line":52,"column":8},"end":{"line":54,"column":null}}]},"2":{"loc":{"start":{"line":52,"column":19},"end":{"line":52,"column":21}},"type":"cond-expr","locations":[{"start":{"line":52,"column":19},"end":{"line":52,"column":21}},{"start":{"line":52,"column":12},"end":{"line":52,"column":34}}]},"3":{"loc":{"start":{"line":52,"column":12},"end":{"line":52,"column":21}},"type":"binary-expr","locations":[{"start":{"line":52,"column":12},"end":{"line":52,"column":21}},{"start":{"line":52,"column":12},"end":{"line":52,"column":21}}]},"4":{"loc":{"start":{"line":63,"column":23},"end":{"line":63,"column":45}},"type":"if","locations":[{"start":{"line":63,"column":23},"end":{"line":63,"column":45}},{"start":{"line":63,"column":23},"end":{"line":63,"column":45}}]},"5":{"loc":{"start":{"line":72,"column":8},"end":{"line":74,"column":null}},"type":"if","locations":[{"start":{"line":72,"column":8},"end":{"line":74,"column":null}},{"start":{"line":72,"column":8},"end":{"line":74,"column":null}}]},"6":{"loc":{"start":{"line":72,"column":25},"end":{"line":72,"column":27}},"type":"cond-expr","locations":[{"start":{"line":72,"column":25},"end":{"line":72,"column":27}},{"start":{"line":72,"column":25},"end":{"line":72,"column":33}}]},"7":{"loc":{"start":{"line":72,"column":12},"end":{"line":72,"column":27}},"type":"binary-expr","locations":[{"start":{"line":72,"column":12},"end":{"line":72,"column":27}},{"start":{"line":72,"column":25},"end":{"line":72,"column":27}}]},"8":{"loc":{"start":{"line":72,"column":16},"end":{"line":72,"column":18}},"type":"cond-expr","locations":[{"start":{"line":72,"column":16},"end":{"line":72,"column":18}},{"start":{"line":72,"column":12},"end":{"line":72,"column":25}}]},"9":{"loc":{"start":{"line":72,"column":12},"end":{"line":72,"column":18}},"type":"binary-expr","locations":[{"start":{"line":72,"column":12},"end":{"line":72,"column":18}},{"start":{"line":72,"column":12},"end":{"line":72,"column":18}}]},"10":{"loc":{"start":{"line":75,"column":8},"end":{"line":77,"column":null}},"type":"if","locations":[{"start":{"line":75,"column":8},"end":{"line":77,"column":null}},{"start":{"line":75,"column":8},"end":{"line":77,"column":null}}]},"11":{"loc":{"start":{"line":75,"column":25},"end":{"line":75,"column":27}},"type":"cond-expr","locations":[{"start":{"line":75,"column":25},"end":{"line":75,"column":27}},{"start":{"line":75,"column":25},"end":{"line":75,"column":32}}]},"12":{"loc":{"start":{"line":75,"column":12},"end":{"line":75,"column":27}},"type":"binary-expr","locations":[{"start":{"line":75,"column":12},"end":{"line":75,"column":27}},{"start":{"line":75,"column":25},"end":{"line":75,"column":27}}]},"13":{"loc":{"start":{"line":75,"column":16},"end":{"line":75,"column":18}},"type":"cond-expr","locations":[{"start":{"line":75,"column":16},"end":{"line":75,"column":18}},{"start":{"line":75,"column":12},"end":{"line":75,"column":25}}]},"14":{"loc":{"start":{"line":75,"column":12},"end":{"line":75,"column":18}},"type":"binary-expr","locations":[{"start":{"line":75,"column":12},"end":{"line":75,"column":18}},{"start":{"line":75,"column":12},"end":{"line":75,"column":18}}]},"15":{"loc":{"start":{"line":85,"column":27},"end":{"line":85,"column":29}},"type":"cond-expr","locations":[{"start":{"line":85,"column":27},"end":{"line":85,"column":29}},{"start":{"line":85,"column":27},"end":{"line":85,"column":55}}]},"16":{"loc":{"start":{"line":85,"column":8},"end":{"line":85,"column":29}},"type":"binary-expr","locations":[{"start":{"line":85,"column":8},"end":{"line":85,"column":29}},{"start":{"line":85,"column":27},"end":{"line":85,"column":29}}]},"17":{"loc":{"start":{"line":94,"column":27},"end":{"line":94,"column":29}},"type":"cond-expr","locations":[{"start":{"line":94,"column":27},"end":{"line":94,"column":29}},{"start":{"line":94,"column":27},"end":{"line":94,"column":43}}]},"18":{"loc":{"start":{"line":94,"column":8},"end":{"line":94,"column":29}},"type":"binary-expr","locations":[{"start":{"line":94,"column":8},"end":{"line":94,"column":29}},{"start":{"line":94,"column":27},"end":{"line":94,"column":29}}]},"19":{"loc":{"start":{"line":103,"column":8},"end":{"line":107,"column":null}},"type":"if","locations":[{"start":{"line":103,"column":8},"end":{"line":107,"column":null}},{"start":{"line":103,"column":8},"end":{"line":107,"column":null}}]},"20":{"loc":{"start":{"line":103,"column":12},"end":{"line":103,"column":19}},"type":"binary-expr","locations":[{"start":{"line":103,"column":12},"end":{"line":103,"column":19}},{"start":{"line":103,"column":23},"end":{"line":103,"column":50}}]},"21":{"loc":{"start":{"line":115,"column":8},"end":{"line":119,"column":null}},"type":"if","locations":[{"start":{"line":115,"column":8},"end":{"line":119,"column":null}},{"start":{"line":115,"column":8},"end":{"line":119,"column":null}}]},"22":{"loc":{"start":{"line":115,"column":12},"end":{"line":115,"column":19}},"type":"binary-expr","locations":[{"start":{"line":115,"column":12},"end":{"line":115,"column":19}},{"start":{"line":115,"column":23},"end":{"line":115,"column":50}}]},"23":{"loc":{"start":{"line":127,"column":8},"end":{"line":127,"column":40}},"type":"if","locations":[{"start":{"line":127,"column":8},"end":{"line":127,"column":40}},{"start":{"line":127,"column":8},"end":{"line":127,"column":40}}]},"24":{"loc":{"start":{"line":136,"column":49},"end":{"line":136,"column":83}},"type":"cond-expr","locations":[{"start":{"line":136,"column":49},"end":{"line":136,"column":83}},{"start":{"line":136,"column":86},"end":{"line":136,"column":90}}]},"25":{"loc":{"start":{"line":144,"column":8},"end":{"line":148,"column":null}},"type":"if","locations":[{"start":{"line":144,"column":8},"end":{"line":148,"column":null}},{"start":{"line":144,"column":8},"end":{"line":148,"column":null}}]},"26":{"loc":{"start":{"line":144,"column":24},"end":{"line":144,"column":26}},"type":"cond-expr","locations":[{"start":{"line":144,"column":24},"end":{"line":144,"column":26}},{"start":{"line":144,"column":24},"end":{"line":144,"column":32}}]},"27":{"loc":{"start":{"line":144,"column":12},"end":{"line":144,"column":26}},"type":"binary-expr","locations":[{"start":{"line":144,"column":12},"end":{"line":144,"column":26}},{"start":{"line":144,"column":24},"end":{"line":144,"column":26}}]},"28":{"loc":{"start":{"line":146,"column":51},"end":{"line":146,"column":101}},"type":"cond-expr","locations":[{"start":{"line":146,"column":51},"end":{"line":146,"column":101}},{"start":{"line":146,"column":104},"end":{"line":146,"column":106}}]},"29":{"loc":{"start":{"line":147,"column":93},"end":{"line":147,"column":96}},"type":"cond-expr","locations":[{"start":{"line":147,"column":93},"end":{"line":147,"column":96}},{"start":{"line":147,"column":93},"end":{"line":147,"column":98}}]},"30":{"loc":{"start":{"line":147,"column":76},"end":{"line":147,"column":96}},"type":"binary-expr","locations":[{"start":{"line":147,"column":76},"end":{"line":147,"column":96}},{"start":{"line":147,"column":93},"end":{"line":147,"column":96}}]},"31":{"loc":{"start":{"line":147,"column":124},"end":{"line":147,"column":127}},"type":"cond-expr","locations":[{"start":{"line":147,"column":124},"end":{"line":147,"column":127}},{"start":{"line":147,"column":124},"end":{"line":147,"column":129}}]},"32":{"loc":{"start":{"line":147,"column":107},"end":{"line":147,"column":127}},"type":"binary-expr","locations":[{"start":{"line":147,"column":107},"end":{"line":147,"column":127}},{"start":{"line":147,"column":124},"end":{"line":147,"column":127}}]},"33":{"loc":{"start":{"line":155,"column":8},"end":{"line":158,"column":null}},"type":"if","locations":[{"start":{"line":155,"column":8},"end":{"line":158,"column":null}},{"start":{"line":155,"column":8},"end":{"line":158,"column":null}}]},"34":{"loc":{"start":{"line":218,"column":8},"end":{"line":221,"column":null}},"type":"if","locations":[{"start":{"line":218,"column":8},"end":{"line":221,"column":null}},{"start":{"line":218,"column":8},"end":{"line":221,"column":null}}]},"35":{"loc":{"start":{"line":230,"column":8},"end":{"line":230,"column":null}},"type":"if","locations":[{"start":{"line":230,"column":8},"end":{"line":230,"column":null}},{"start":{"line":230,"column":8},"end":{"line":230,"column":null}}]},"36":{"loc":{"start":{"line":239,"column":8},"end":{"line":239,"column":33}},"type":"if","locations":[{"start":{"line":239,"column":8},"end":{"line":239,"column":33}},{"start":{"line":239,"column":8},"end":{"line":239,"column":33}}]},"37":{"loc":{"start":{"line":241,"column":8},"end":{"line":245,"column":null}},"type":"if","locations":[{"start":{"line":241,"column":8},"end":{"line":245,"column":null}},{"start":{"line":241,"column":8},"end":{"line":245,"column":null}}]},"38":{"loc":{"start":{"line":241,"column":12},"end":{"line":241,"column":17}},"type":"binary-expr","locations":[{"start":{"line":241,"column":12},"end":{"line":241,"column":17}},{"start":{"line":241,"column":21},"end":{"line":241,"column":46}}]},"39":{"loc":{"start":{"line":246,"column":8},"end":{"line":250,"column":null}},"type":"if","locations":[{"start":{"line":246,"column":8},"end":{"line":250,"column":null}},{"start":{"line":246,"column":8},"end":{"line":250,"column":null}}]},"40":{"loc":{"start":{"line":246,"column":12},"end":{"line":246,"column":17}},"type":"binary-expr","locations":[{"start":{"line":246,"column":12},"end":{"line":246,"column":17}},{"start":{"line":246,"column":21},"end":{"line":246,"column":46}}]}},"s":{"0":1,"1":1,"2":1,"3":1,"4":1,"5":1,"6":1,"7":1,"8":1,"9":1,"10":1,"11":5,"12":5,"13":5,"14":5,"15":5,"16":5,"17":5,"18":5,"19":2,"20":1,"21":15,"22":15,"23":15,"24":1,"25":2,"26":1,"27":2,"28":1,"29":2,"30":1,"31":2,"32":2,"33":1,"34":2,"35":2,"36":1,"37":2,"38":1,"39":1,"40":1,"41":2,"42":1,"43":1,"44":1,"45":1,"46":0,"47":1,"48":1,"49":2,"50":1,"51":3,"52":2,"53":2,"54":2,"55":1,"56":4,"57":1,"58":1,"59":3,"60":3,"61":3,"62":1,"63":1,"64":15,"65":15,"66":15,"67":15,"68":15,"69":15,"70":1,"71":3,"72":3,"73":3,"74":1,"75":3,"76":3,"77":1,"78":9,"79":9,"80":9,"81":9,"82":3,"83":6,"84":1,"85":9,"86":6,"87":3,"88":1,"89":15,"90":7,"91":8,"92":8,"93":8,"94":8,"95":3,"96":5,"97":8,"98":3,"99":5,"100":1,"101":1,"102":1,"103":1},"f":{"0":1,"1":1,"2":5,"3":15,"4":2,"5":2,"6":2,"7":2,"8":2,"9":1,"10":2,"11":3,"12":4,"13":1,"14":15,"15":3,"16":3,"17":9,"18":9,"19":15},"b":{"0":[1,1],"1":[2,3],"2":[3,2],"3":[5,5],"4":[0,15],"5":[1,1],"6":[1,1],"7":[2,2],"8":[0,2],"9":[2,2],"10":[1,1],"11":[1,1],"12":[2,2],"13":[0,2],"14":[2,2],"15":[0,2],"16":[2,2],"17":[1,1],"18":[2,1],"19":[1,1],"20":[2,2],"21":[1,1],"22":[2,2],"23":[0,1],"24":[2,0],"25":[2,1],"26":[1,2],"27":[3,3],"28":[2,0],"29":[0,2],"30":[2,2],"31":[0,2],"32":[2,2],"33":[1,3],"34":[3,6],"35":[6,3],"36":[7,8],"37":[3,5],"38":[8,6],"39":[3,5],"40":[8,6]}}
}
