TN:
SF:src\index.ts
FN:26,(anonymous_0)
FN:32,(anonymous_1)
FN:41,ProgressLogs
FN:63,(anonymous_3)
FN:71,(anonymous_4)
FN:84,(anonymous_5)
FN:93,(anonymous_6)
FN:102,(anonymous_7)
FN:114,(anonymous_8)
FN:126,(anonymous_9)
FN:135,(anonymous_10)
FN:143,(anonymous_11)
FN:154,(anonymous_12)
FN:165,(anonymous_13)
FN:183,ProgressLogItem
FN:195,(anonymous_15)
FN:204,(anonymous_16)
FN:214,(anonymous_17)
FN:229,(anonymous_18)
FN:238,(anonymous_19)
FNF:20
FNH:20
FNDA:1,(anonymous_0)
FNDA:1,(anonymous_1)
FNDA:5,ProgressLogs
FNDA:15,(anonymous_3)
FNDA:2,(anonymous_4)
FNDA:2,(anonymous_5)
FNDA:2,(anonymous_6)
FNDA:2,(anonymous_7)
FNDA:2,(anonymous_8)
FNDA:1,(anonymous_9)
FNDA:2,(anonymous_10)
FNDA:3,(anonymous_11)
FNDA:4,(anonymous_12)
FNDA:1,(anonymous_13)
FNDA:15,ProgressLogItem
FNDA:3,(anonymous_15)
FNDA:3,(anonymous_16)
FNDA:9,(anonymous_17)
FNDA:9,(anonymous_18)
FNDA:15,(anonymous_19)
DA:1,1
DA:2,1
DA:3,1
DA:22,1
DA:23,1
DA:24,1
DA:26,1
DA:27,1
DA:28,1
DA:29,1
DA:32,1
DA:42,5
DA:43,5
DA:44,5
DA:45,5
DA:46,5
DA:47,5
DA:48,5
DA:52,5
DA:53,2
DA:63,15
DA:64,15
DA:65,15
DA:71,1
DA:72,2
DA:73,1
DA:75,2
DA:76,1
DA:78,2
DA:84,1
DA:85,2
DA:86,2
DA:93,1
DA:94,2
DA:95,2
DA:102,1
DA:103,2
DA:104,1
DA:106,1
DA:114,1
DA:115,2
DA:116,1
DA:118,1
DA:126,1
DA:127,1
DA:128,1
DA:135,1
DA:136,2
DA:143,1
DA:144,3
DA:145,2
DA:146,2
DA:147,2
DA:154,1
DA:155,4
DA:156,1
DA:157,1
DA:159,3
DA:160,3
DA:161,3
DA:163,1
DA:165,1
DA:172,1
DA:177,1
DA:184,15
DA:185,15
DA:186,15
DA:187,15
DA:188,15
DA:189,15
DA:195,1
DA:196,3
DA:197,3
DA:198,3
DA:204,1
DA:205,3
DA:206,3
DA:214,1
DA:215,9
DA:216,9
DA:217,9
DA:218,9
DA:220,3
DA:222,6
DA:229,1
DA:230,9
DA:232,3
DA:238,1
DA:239,15
DA:240,8
DA:241,8
DA:242,3
DA:244,5
DA:246,8
DA:247,3
DA:249,5
DA:252,1
DA:254,1
LF:98
LH:98
BRDA:26,0,0,1
BRDA:26,0,1,1
BRDA:52,1,0,2
BRDA:52,1,1,3
BRDA:52,2,0,3
BRDA:52,2,1,2
BRDA:52,3,0,5
BRDA:52,3,1,5
BRDA:63,4,0,0
BRDA:63,4,1,15
BRDA:72,5,0,1
BRDA:72,5,1,1
BRDA:72,6,0,1
BRDA:72,6,1,1
BRDA:72,7,0,2
BRDA:72,7,1,2
BRDA:72,8,0,0
BRDA:72,8,1,2
BRDA:72,9,0,2
BRDA:72,9,1,2
BRDA:75,10,0,1
BRDA:75,10,1,1
BRDA:75,11,0,1
BRDA:75,11,1,1
BRDA:75,12,0,2
BRDA:75,12,1,2
BRDA:75,13,0,0
BRDA:75,13,1,2
BRDA:75,14,0,2
BRDA:75,14,1,2
BRDA:85,15,0,0
BRDA:85,15,1,2
BRDA:85,16,0,2
BRDA:85,16,1,2
BRDA:94,17,0,1
BRDA:94,17,1,1
BRDA:94,18,0,2
BRDA:94,18,1,1
BRDA:103,19,0,1
BRDA:103,19,1,1
BRDA:103,20,0,2
BRDA:103,20,1,2
BRDA:115,21,0,1
BRDA:115,21,1,1
BRDA:115,22,0,2
BRDA:115,22,1,2
BRDA:127,23,0,0
BRDA:127,23,1,1
BRDA:136,24,0,2
BRDA:136,24,1,0
BRDA:144,25,0,2
BRDA:144,25,1,1
BRDA:144,26,0,1
BRDA:144,26,1,2
BRDA:144,27,0,3
BRDA:144,27,1,3
BRDA:146,28,0,2
BRDA:146,28,1,0
BRDA:147,29,0,0
BRDA:147,29,1,2
BRDA:147,30,0,2
BRDA:147,30,1,2
BRDA:147,31,0,0
BRDA:147,31,1,2
BRDA:147,32,0,2
BRDA:147,32,1,2
BRDA:155,33,0,1
BRDA:155,33,1,3
BRDA:218,34,0,3
BRDA:218,34,1,6
BRDA:230,35,0,6
BRDA:230,35,1,3
BRDA:239,36,0,7
BRDA:239,36,1,8
BRDA:241,37,0,3
BRDA:241,37,1,5
BRDA:241,38,0,8
BRDA:241,38,1,6
BRDA:246,39,0,3
BRDA:246,39,1,5
BRDA:246,40,0,8
BRDA:246,40,1,6
BRF:82
BRH:73
end_of_record
